app/build/outputs/logs/manifest-merger-debug-report.txt
-- Merging decision tree log ---
manifest
ADDED from src\main\AndroidManifest.xml:2:1-117:12
INJECTED from src\main\AndroidManifest.xml:2:1-117:12
INJECTED from src\main\AndroidManifest.xml:2:1-117:12
INJECTED from src\main\AndroidManifest.xml:2:1-117:12
MERGED from [com.joanzapata.pdfview:android-pdfview:1.0.4] AndroidManifest.xml:20:119-25:12
MERGED from [com.davemorrissey.labs:subsampling-scale-image-view:3.10.0] AndroidManifest.xml:2:1-11:12
MERGED from [com.github.devlight.navigationtabstrip:navigationtabstrip:1.0.4] AndroidManifest.xml:14:1-29:12
MERGED from [com.ramotion.garlandview:garland-view:0.3.2] AndroidManifest.xml:2:1-17:12
MERGED from [com.roughike:bottom-bar:2.3.1] AndroidManifest.xml:2:1-12:12
MERGED from [com.github.mirrajabi:search-dialog:1.2.3] AndroidManifest.xml:2:1-17:12
MERGED from [com.android.support:preference-v7:27.1.1] AndroidManifest.xml:17:1-22:12
MERGED from [com.android.support:design:28.0.0] AndroidManifest.xml:17:1-24:12
MERGED from [com.android.support:recyclerview-v7:28.0.0] AndroidManifest.xml:17:1-22:12
MERGED from [com.android.support:cardview-v7:28.0.0] AndroidManifest.xml:17:1-22:12
MERGED from [com.squareup.picasso:picasso:2.71828] AndroidManifest.xml:2:1-14:12
MERGED from [com.google.maps.android:android-maps-utils:0.5] AndroidManifest.xml:2:1-13:12
MERGED from [com.github.arcadefire:nice-spinner:1.3.6] AndroidManifest.xml:2:1-9:12
MERGED from [com.google.firebase:firebase-core:16.0.6] AndroidManifest.xml:2:1-9:12
MERGED from [com.diegodobelo.expandingview:expanding-view:0.9.4] AndroidManifest.xml:2:1-16:12
MERGED from [com.quinny898.library.persistentsearch:library:1.1.0-SNAPSHOT] AndroidManifest.xml:2:1-14:12
MERGED from [com.google.android.gms:play-services-maps:16.0.0] AndroidManifest.xml:17:1-32:12
MERGED from [com.google.android.gms:play-services-location:16.0.0] AndroidManifest.xml:2:1-9:12
MERGED from [com.google.firebase:firebase-firestore:17.1.5] AndroidManifest.xml:2:1-20:12
MERGED from [com.google.android.gms:play-services-vision:17.0.2] AndroidManifest.xml:2:1-9:12
MERGED from [com.google.firebase:firebase-measurement-connector-impl:17.0.4] AndroidManifest.xml:17:1-34:12
MERGED from [com.google.firebase:firebase-analytics:16.0.6] AndroidManifest.xml:17:1-55:12
MERGED from [com.google.firebase:firebase-auth-interop:16.0.1] AndroidManifest.xml:2:1-10:12
MERGED from [com.google.android.gms:play-services-vision-common:17.0.2] AndroidManifest.xml:2:1-9:12
MERGED from [com.google.android.gms:play-services-clearcut:16.0.0] AndroidManifest.xml:17:1-24:12
MERGED from [com.google.android.gms:play-services-flags:16.0.1] AndroidManifest.xml:17:1-22:12
MERGED from [com.google.android.gms:play-services-phenotype:16.0.0] AndroidManifest.xml:17:1-24:12
MERGED from [com.google.android.gms:play-services-measurement-api:16.0.4] AndroidManifest.xml:17:1-25:12
MERGED from [com.google.firebase:firebase-analytics-impl:16.2.4] AndroidManifest.xml:17:1-40:12
MERGED from [com.google.firebase:firebase-iid:17.0.3] AndroidManifest.xml:17:1-59:12
MERGED from [com.google.firebase:firebase-iid-interop:16.0.1] AndroidManifest.xml:2:1-10:12
MERGED from [com.google.android.gms:play-services-base:16.0.1] AndroidManifest.xml:17:1-29:12
MERGED from [com.google.android.gms:play-services-places-placereport:16.0.0] AndroidManifest.xml:17:1-24:12
MERGED from [com.google.firebase:firebase-common:16.0.4] AndroidManifest.xml:2:1-17:12
MERGED from [com.google.android.gms:play-services-tasks:16.0.1] AndroidManifest.xml:2:1-9:12
MERGED from [com.google.android.gms:play-services-measurement-base:16.0.5] AndroidManifest.xml:2:1-9:12
MERGED from [com.google.android.gms:play-services-stats:16.0.1] AndroidManifest.xml:2:1-9:12
MERGED from [com.google.firebase:firebase-measurement-connector:17.0.1] AndroidManifest.xml:17:1-25:12
MERGED from [com.google.android.gms:play-services-ads-identifier:16.0.0] AndroidManifest.xml:17:1-24:12
MERGED from [com.google.android.gms:play-services-basement:16.1.0] AndroidManifest.xml:17:1-28:12
MERGED from [com.android.support:support-v4:28.0.0] AndroidManifest.xml:17:1-22:12
MERGED from [com.android.volley:volley:1.1.1] AndroidManifest.xml:2:1-11:12
MERGED from [com.microsoft.aad:adal:1.14.1] AndroidManifest.xml:2:1-16:12
MERGED from [com.android.support:appcompat-v7:28.0.0] AndroidManifest.xml:17:1-22:12
MERGED from [com.android.support.constraint:constraint-layout:1.1.2] AndroidManifest.xml:2:1-11:12
MERGED from [com.android.support:exifinterface:27.1.0] AndroidManifest.xml:17:1-22:12
MERGED from [com.android.support:support-fragment:28.0.0] AndroidManifest.xml:17:1-22:12
MERGED from [com.android.support:animated-vector-drawable:28.0.0] AndroidManifest.xml:17:1-22:12
MERGED from [com.android.support:support-core-ui:28.0.0] AndroidManifest.xml:17:1-22:12
MERGED from [com.android.support:support-core-utils:28.0.0] AndroidManifest.xml:17:1-22:12
MERGED from [com.android.support:support-vector-drawable:28.0.0] AndroidManifest.xml:17:1-22:12
MERGED from [com.android.support:loader:28.0.0] AndroidManifest.xml:17:1-22:12
MERGED from [com.android.support:transition:28.0.0] AndroidManifest.xml:17:1-22:12
MERGED from [com.android.support:viewpager:28.0.0] AndroidManifest.xml:17:1-22:12
MERGED from [com.android.support:coordinatorlayout:28.0.0] AndroidManifest.xml:17:1-22:12
MERGED from [com.android.support:drawerlayout:28.0.0] AndroidManifest.xml:17:1-22:12
MERGED from [com.android.support:slidingpanelayout:28.0.0] AndroidManifest.xml:17:1-22:12
MERGED from [com.android.support:customview:28.0.0] AndroidManifest.xml:17:1-22:12
MERGED from [com.android.support:swiperefreshlayout:28.0.0] AndroidManifest.xml:17:1-22:12
MERGED from [com.android.support:asynclayoutinflater:28.0.0] AndroidManifest.xml:17:1-22:12
MERGED from [com.android.support:support-media-compat:28.0.0] AndroidManifest.xml:17:1-22:12
MERGED from [com.android.support:support-compat:28.0.0] AndroidManifest.xml:17:1-24:12
MERGED from [com.android.support:versionedparcelable:28.0.0] AndroidManifest.xml:17:1-25:12
MERGED from [com.android.support:cursoradapter:28.0.0] AndroidManifest.xml:17:1-22:12
MERGED from [com.android.support:documentfile:28.0.0] AndroidManifest.xml:17:1-22:12
MERGED from [com.android.support:localbroadcastmanager:28.0.0] AndroidManifest.xml:17:1-22:12
MERGED from [com.android.support:print:28.0.0] AndroidManifest.xml:17:1-22:12
MERGED from [android.arch.lifecycle:viewmodel:1.1.1] AndroidManifest.xml:17:1-22:12
MERGED from [android.arch.lifecycle:livedata:1.1.1] AndroidManifest.xml:17:1-22:12
MERGED from [android.arch.lifecycle:livedata-core:1.1.1] AndroidManifest.xml:17:1-22:12
MERGED from [android.arch.lifecycle:runtime:1.1.1] AndroidManifest.xml:17:1-22:12
MERGED from [android.arch.core:runtime:1.1.1] AndroidManifest.xml:17:1-22:12
MERGED from [com.android.support:interpolator:28.0.0] AndroidManifest.xml:17:1-22:12
MERGED from [io.grpc:grpc-android:1.16.1] AndroidManifest.xml:2:1-13:12
MERGED from [com.google.firebase:firebase-database-collection:16.0.1] AndroidManifest.xml:2:1-7:12
MERGED from [com.google.firebase:protolite-well-known-types:16.0.1] AndroidManifest.xml:2:1-11:12
INJECTED from src\main\AndroidManifest.xml:2:1-117:12
INJECTED from src\main\AndroidManifest.xml:2:1-117:12
INJECTED from src\main\AndroidManifest.xml:2:1-117:12
	package
		ADDED from src\main\AndroidManifest.xml:4:5-30
		INJECTED from src\main\AndroidManifest.xml
		INJECTED from src\main\AndroidManifest.xml
	android:versionName
		INJECTED from src\main\AndroidManifest.xml
		ADDED from src\main\AndroidManifest.xml:2:1-117:12
		INJECTED from src\main\AndroidManifest.xml
	xmlns:tools
		ADDED from src\main\AndroidManifest.xml:3:5-51
	android:versionCode
		INJECTED from src\main\AndroidManifest.xml
		ADDED from src\main\AndroidManifest.xml:2:1-117:12
		INJECTED from src\main\AndroidManifest.xml
	xmlns:android
		ADDED from src\main\AndroidManifest.xml:2:11-69
uses-permission#android.permission.INTERNET
ADDED from src\main\AndroidManifest.xml:6:5-67
MERGED from [com.google.android.gms:play-services-maps:16.0.0] AndroidManifest.xml:24:5-67
MERGED from [com.google.android.gms:play-services-maps:16.0.0] AndroidManifest.xml:24:5-67
MERGED from [com.google.firebase:firebase-firestore:17.1.5] AndroidManifest.xml:10:5-67
MERGED from [com.google.firebase:firebase-firestore:17.1.5] AndroidManifest.xml:10:5-67
MERGED from [com.google.firebase:firebase-measurement-connector-impl:17.0.4] AndroidManifest.xml:22:5-67
MERGED from [com.google.firebase:firebase-measurement-connector-impl:17.0.4] AndroidManifest.xml:22:5-67
MERGED from [com.google.firebase:firebase-analytics:16.0.6] AndroidManifest.xml:23:5-67
MERGED from [com.google.firebase:firebase-analytics:16.0.6] AndroidManifest.xml:23:5-67
MERGED from [com.google.firebase:firebase-analytics-impl:16.2.4] AndroidManifest.xml:23:5-67
MERGED from [com.google.firebase:firebase-analytics-impl:16.2.4] AndroidManifest.xml:23:5-67
MERGED from [com.google.firebase:firebase-iid:17.0.3] AndroidManifest.xml:23:5-67
MERGED from [com.google.firebase:firebase-iid:17.0.3] AndroidManifest.xml:23:5-67
	android:name
		ADDED from src\main\AndroidManifest.xml:6:22-64
uses-permission#android.permission.ACCESS_NETWORK_STATE
ADDED from src\main\AndroidManifest.xml:7:5-79
MERGED from [com.google.android.gms:play-services-maps:16.0.0] AndroidManifest.xml:23:5-79
MERGED from [com.google.android.gms:play-services-maps:16.0.0] AndroidManifest.xml:23:5-79
MERGED from [com.google.firebase:firebase-firestore:17.1.5] AndroidManifest.xml:9:5-79
MERGED from [com.google.firebase:firebase-firestore:17.1.5] AndroidManifest.xml:9:5-79
MERGED from [com.google.firebase:firebase-measurement-connector-impl:17.0.4] AndroidManifest.xml:23:5-79
MERGED from [com.google.firebase:firebase-measurement-connector-impl:17.0.4] AndroidManifest.xml:23:5-79
MERGED from [com.google.firebase:firebase-analytics:16.0.6] AndroidManifest.xml:24:5-79
MERGED from [com.google.firebase:firebase-analytics:16.0.6] AndroidManifest.xml:24:5-79
MERGED from [com.google.firebase:firebase-analytics-impl:16.2.4] AndroidManifest.xml:24:5-79
MERGED from [com.google.firebase:firebase-analytics-impl:16.2.4] AndroidManifest.xml:24:5-79
MERGED from [com.google.firebase:firebase-iid:17.0.3] AndroidManifest.xml:22:5-79
MERGED from [com.google.firebase:firebase-iid:17.0.3] AndroidManifest.xml:22:5-79
MERGED from [io.grpc:grpc-android:1.16.1] AndroidManifest.xml:11:5-79
MERGED from [io.grpc:grpc-android:1.16.1] AndroidManifest.xml:11:5-79
	android:name
		ADDED from src\main\AndroidManifest.xml:7:22-76
uses-permission#android.permission.CALL_PHONE
ADDED from src\main\AndroidManifest.xml:8:5-69
	android:name
		ADDED from src\main\AndroidManifest.xml:8:22-66
uses-permission#android.permission.WRITE_EXTERNAL_STORAGE
ADDED from src\main\AndroidManifest.xml:9:5-81
	android:name
		ADDED from src\main\AndroidManifest.xml:9:22-78
uses-permission#android.permission.READ_EXTERNAL_STORAGE
ADDED from src\main\AndroidManifest.xml:10:5-80
	android:name
		ADDED from src\main\AndroidManifest.xml:10:22-77
uses-permission#android.permission.ACCESS_FINE_LOCATION
ADDED from src\main\AndroidManifest.xml:17:5-79
	android:name
		ADDED from src\main\AndroidManifest.xml:17:22-76
application
ADDED from src\main\AndroidManifest.xml:19:5-115:19
MERGED from [com.github.devlight.navigationtabstrip:navigationtabstrip:1.0.4] AndroidManifest.xml:23:5-27:19
MERGED from [com.github.devlight.navigationtabstrip:navigationtabstrip:1.0.4] AndroidManifest.xml:23:5-27:19
MERGED from [com.ramotion.garlandview:garland-view:0.3.2] AndroidManifest.xml:11:5-15:19
MERGED from [com.ramotion.garlandview:garland-view:0.3.2] AndroidManifest.xml:11:5-15:19
MERGED from [com.github.mirrajabi:search-dialog:1.2.3] AndroidManifest.xml:11:5-15:19
MERGED from [com.github.mirrajabi:search-dialog:1.2.3] AndroidManifest.xml:11:5-15:19
MERGED from [com.android.support:design:28.0.0] AndroidManifest.xml:22:5-20
MERGED from [com.android.support:design:28.0.0] AndroidManifest.xml:22:5-20
MERGED from [com.squareup.picasso:picasso:2.71828] AndroidManifest.xml:7:5-12:19
MERGED from [com.squareup.picasso:picasso:2.71828] AndroidManifest.xml:7:5-12:19
MERGED from [com.google.maps.android:android-maps-utils:0.5] AndroidManifest.xml:7:5-11:19
MERGED from [com.google.maps.android:android-maps-utils:0.5] AndroidManifest.xml:7:5-11:19
MERGED from [com.google.firebase:firebase-core:16.0.6] AndroidManifest.xml:7:5-20
MERGED from [com.google.firebase:firebase-core:16.0.6] AndroidManifest.xml:7:5-20
MERGED from [com.diegodobelo.expandingview:expanding-view:0.9.4] AndroidManifest.xml:11:5-14:19
MERGED from [com.diegodobelo.expandingview:expanding-view:0.9.4] AndroidManifest.xml:11:5-14:19
MERGED from [com.quinny898.library.persistentsearch:library:1.1.0-SNAPSHOT] AndroidManifest.xml:11:5-12:19
MERGED from [com.quinny898.library.persistentsearch:library:1.1.0-SNAPSHOT] AndroidManifest.xml:11:5-12:19
MERGED from [com.google.android.gms:play-services-maps:16.0.0] AndroidManifest.xml:30:5-20
MERGED from [com.google.android.gms:play-services-maps:16.0.0] AndroidManifest.xml:30:5-20
MERGED from [com.google.android.gms:play-services-location:16.0.0] AndroidManifest.xml:7:5-20
MERGED from [com.google.android.gms:play-services-location:16.0.0] AndroidManifest.xml:7:5-20
MERGED from [com.google.firebase:firebase-firestore:17.1.5] AndroidManifest.xml:12:5-18:19
MERGED from [com.google.firebase:firebase-firestore:17.1.5] AndroidManifest.xml:12:5-18:19
MERGED from [com.google.android.gms:play-services-vision:17.0.2] AndroidManifest.xml:7:5-20
MERGED from [com.google.android.gms:play-services-vision:17.0.2] AndroidManifest.xml:7:5-20
MERGED from [com.google.firebase:firebase-measurement-connector-impl:17.0.4] AndroidManifest.xml:26:5-32:19
MERGED from [com.google.firebase:firebase-measurement-connector-impl:17.0.4] AndroidManifest.xml:26:5-32:19
MERGED from [com.google.firebase:firebase-analytics:16.0.6] AndroidManifest.xml:28:5-53:19
MERGED from [com.google.firebase:firebase-analytics:16.0.6] AndroidManifest.xml:28:5-53:19
MERGED from [com.google.firebase:firebase-auth-interop:16.0.1] AndroidManifest.xml:7:5-8:19
MERGED from [com.google.firebase:firebase-auth-interop:16.0.1] AndroidManifest.xml:7:5-8:19
MERGED from [com.google.android.gms:play-services-vision-common:17.0.2] AndroidManifest.xml:7:5-20
MERGED from [com.google.android.gms:play-services-vision-common:17.0.2] AndroidManifest.xml:7:5-20
MERGED from [com.google.android.gms:play-services-clearcut:16.0.0] AndroidManifest.xml:22:5-20
MERGED from [com.google.android.gms:play-services-clearcut:16.0.0] AndroidManifest.xml:22:5-20
MERGED from [com.google.android.gms:play-services-phenotype:16.0.0] AndroidManifest.xml:22:5-20
MERGED from [com.google.android.gms:play-services-phenotype:16.0.0] AndroidManifest.xml:22:5-20
MERGED from [com.google.android.gms:play-services-measurement-api:16.0.4] AndroidManifest.xml:22:5-23:19
MERGED from [com.google.android.gms:play-services-measurement-api:16.0.4] AndroidManifest.xml:22:5-23:19
MERGED from [com.google.firebase:firebase-analytics-impl:16.2.4] AndroidManifest.xml:28:5-38:19
MERGED from [com.google.firebase:firebase-analytics-impl:16.2.4] AndroidManifest.xml:28:5-38:19
MERGED from [com.google.firebase:firebase-iid:17.0.3] AndroidManifest.xml:28:5-57:19
MERGED from [com.google.firebase:firebase-iid:17.0.3] AndroidManifest.xml:28:5-57:19
MERGED from [com.google.firebase:firebase-iid-interop:16.0.1] AndroidManifest.xml:7:5-8:19
MERGED from [com.google.firebase:firebase-iid-interop:16.0.1] AndroidManifest.xml:7:5-8:19
MERGED from [com.google.android.gms:play-services-base:16.0.1] AndroidManifest.xml:22:5-27:19
MERGED from [com.google.android.gms:play-services-base:16.0.1] AndroidManifest.xml:22:5-27:19
MERGED from [com.google.android.gms:play-services-places-placereport:16.0.0] AndroidManifest.xml:22:5-20
MERGED from [com.google.android.gms:play-services-places-placereport:16.0.0] AndroidManifest.xml:22:5-20
MERGED from [com.google.firebase:firebase-common:16.0.4] AndroidManifest.xml:9:5-15:19
MERGED from [com.google.firebase:firebase-common:16.0.4] AndroidManifest.xml:9:5-15:19
MERGED from [com.google.android.gms:play-services-tasks:16.0.1] AndroidManifest.xml:7:5-20
MERGED from [com.google.android.gms:play-services-tasks:16.0.1] AndroidManifest.xml:7:5-20
MERGED from [com.google.android.gms:play-services-measurement-base:16.0.5] AndroidManifest.xml:7:5-20
MERGED from [com.google.android.gms:play-services-measurement-base:16.0.5] AndroidManifest.xml:7:5-20
MERGED from [com.google.android.gms:play-services-stats:16.0.1] AndroidManifest.xml:7:5-20
MERGED from [com.google.android.gms:play-services-stats:16.0.1] AndroidManifest.xml:7:5-20
MERGED from [com.google.firebase:firebase-measurement-connector:17.0.1] AndroidManifest.xml:22:5-23:19
MERGED from [com.google.firebase:firebase-measurement-connector:17.0.1] AndroidManifest.xml:22:5-23:19
MERGED from [com.google.android.gms:play-services-ads-identifier:16.0.0] AndroidManifest.xml:22:5-20
MERGED from [com.google.android.gms:play-services-ads-identifier:16.0.0] AndroidManifest.xml:22:5-20
MERGED from [com.google.android.gms:play-services-basement:16.1.0] AndroidManifest.xml:22:5-26:19
MERGED from [com.google.android.gms:play-services-basement:16.1.0] AndroidManifest.xml:22:5-26:19
MERGED from [com.android.volley:volley:1.1.1] AndroidManifest.xml:9:5-20
MERGED from [com.android.volley:volley:1.1.1] AndroidManifest.xml:9:5-20
MERGED from [com.microsoft.aad:adal:1.14.1] AndroidManifest.xml:11:5-14:19
MERGED from [com.microsoft.aad:adal:1.14.1] AndroidManifest.xml:11:5-14:19
MERGED from [com.android.support.constraint:constraint-layout:1.1.2] AndroidManifest.xml:9:5-20
MERGED from [com.android.support.constraint:constraint-layout:1.1.2] AndroidManifest.xml:9:5-20
MERGED from [com.android.support:support-compat:28.0.0] AndroidManifest.xml:22:5-94
MERGED from [com.android.support:support-compat:28.0.0] AndroidManifest.xml:22:5-94
MERGED from [com.android.support:versionedparcelable:28.0.0] AndroidManifest.xml:22:5-23:19
MERGED from [com.android.support:versionedparcelable:28.0.0] AndroidManifest.xml:22:5-23:19
	android:supportsRtl
		ADDED from src\main\AndroidManifest.xml:25:9-35
	android:label
		ADDED from src\main\AndroidManifest.xml:23:9-41
	android:appComponentFactory
		ADDED from src\main\AndroidManifest.xml:21:9-53
		REJECTED from [com.android.support:support-compat:28.0.0] AndroidManifest.xml:22:18-91
	android:roundIcon
		ADDED from src\main\AndroidManifest.xml:24:9-54
	android:icon
		ADDED from src\main\AndroidManifest.xml:22:9-43
	android:allowBackup
		ADDED from src\main\AndroidManifest.xml:20:9-35
	android:theme
		ADDED from src\main\AndroidManifest.xml:26:9-40
	tools:replace
		ADDED from src\main\AndroidManifest.xml:27:9-52
activity#com.swc.onestop.Activities.SplashScreen
ADDED from src\main\AndroidManifest.xml:28:9-36:20
	android:theme
		ADDED from src\main\AndroidManifest.xml:30:13-69
	android:name
		ADDED from src\main\AndroidManifest.xml:29:13-52
intent-filter#action:name:android.intent.action.MAIN+category:name:android.intent.category.LAUNCHER
ADDED from src\main\AndroidManifest.xml:31:13-35:29
action#android.intent.action.MAIN
ADDED from src\main\AndroidManifest.xml:32:17-69
	android:name
		ADDED from src\main\AndroidManifest.xml:32:25-66
category#android.intent.category.LAUNCHER
ADDED from src\main\AndroidManifest.xml:34:17-77
	android:name
		ADDED from src\main\AndroidManifest.xml:34:27-74
receiver#com.swc.onestop.MyDownloadManager
ADDED from src\main\AndroidManifest.xml:38:9-44:20
	android:exported
		ADDED from src\main\AndroidManifest.xml:40:13-36
	android:name
		ADDED from src\main\AndroidManifest.xml:39:13-46
intent-filter#action:name:android.intent.action.DOWNLOAD_COMPLETE
ADDED from src\main\AndroidManifest.xml:41:13-43:29
action#android.intent.action.DOWNLOAD_COMPLETE
ADDED from src\main\AndroidManifest.xml:42:17-82
	android:name
		ADDED from src\main\AndroidManifest.xml:42:25-79
meta-data#com.google.android.geo.API_KEY
ADDED from src\main\AndroidManifest.xml:53:9-55:55
	android:value
		ADDED from src\main\AndroidManifest.xml:55:13-52
	android:name
		ADDED from src\main\AndroidManifest.xml:54:13-58
meta-data#preloaded_fonts
ADDED from src\main\AndroidManifest.xml:56:9-58:57
	android:resource
		ADDED from src\main\AndroidManifest.xml:58:13-54
	android:name
		ADDED from src\main\AndroidManifest.xml:57:13-43
activity#com.swc.onestop.Activities.LoginActivity
ADDED from src\main\AndroidManifest.xml:60:9-62:72
	android:theme
		ADDED from src\main\AndroidManifest.xml:62:13-69
	android:name
		ADDED from src\main\AndroidManifest.xml:61:13-53
activity#com.swc.onestop.Activities.Outlook_API_Activity
ADDED from src\main\AndroidManifest.xml:63:9-69
	android:name
		ADDED from src\main\AndroidManifest.xml:63:19-66
activity#com.swc.onestop.Timings_activities.Ferry
ADDED from src\main\AndroidManifest.xml:64:9-62
	android:name
		ADDED from src\main\AndroidManifest.xml:64:19-59
activity#com.swc.onestop.Timings_activities.Internal_bus
ADDED from src\main\AndroidManifest.xml:65:9-69
	android:name
		ADDED from src\main\AndroidManifest.xml:65:19-66
activity#com.swc.onestop.Timings_activities.IITG_Bus
ADDED from src\main\AndroidManifest.xml:66:9-65
	android:name
		ADDED from src\main\AndroidManifest.xml:66:19-62
activity#com.swc.onestop.Activities.MapsActivity
ADDED from src\main\AndroidManifest.xml:67:9-61
	android:name
		ADDED from src\main\AndroidManifest.xml:67:19-58
activity#com.swc.onestop.Activities.Main2Activity
ADDED from src\main\AndroidManifest.xml:68:9-70:60
	android:label
		ADDED from src\main\AndroidManifest.xml:70:13-57
	android:name
		ADDED from src\main\AndroidManifest.xml:69:13-53
activity#com.swc.onestop.ui.ContactActivity
ADDED from src\main\AndroidManifest.xml:71:9-56
	android:name
		ADDED from src\main\AndroidManifest.xml:71:19-53
activity#com.swc.onestop.ui.AllDetailActivity
ADDED from src\main\AndroidManifest.xml:72:9-74:56
	android:theme
		ADDED from src\main\AndroidManifest.xml:74:13-53
	android:name
		ADDED from src\main\AndroidManifest.xml:73:13-49
activity#com.swc.onestop.Activities.Timings_activity
ADDED from src\main\AndroidManifest.xml:75:9-65
	android:name
		ADDED from src\main\AndroidManifest.xml:75:19-62
activity#com.swc.onestop.Activities.Mess_Menu
ADDED from src\main\AndroidManifest.xml:76:9-79:47
	android:label
		ADDED from src\main\AndroidManifest.xml:78:13-62
	android:theme
		ADDED from src\main\AndroidManifest.xml:79:13-44
	android:name
		ADDED from src\main\AndroidManifest.xml:77:13-49
activity#com.swc.onestop.Activities.Internet_settings
ADDED from src\main\AndroidManifest.xml:80:9-83:47
	android:label
		ADDED from src\main\AndroidManifest.xml:82:13-69
	android:theme
		ADDED from src\main\AndroidManifest.xml:83:13-44
	android:name
		ADDED from src\main\AndroidManifest.xml:81:13-57
activity#com.swc.onestop.Activities.Timetable
ADDED from src\main\AndroidManifest.xml:84:9-87:47
	android:label
		ADDED from src\main\AndroidManifest.xml:86:13-61
	android:theme
		ADDED from src\main\AndroidManifest.xml:87:13-44
	android:name
		ADDED from src\main\AndroidManifest.xml:85:13-49
activity#com.swc.onestop.Internet_settings.BrowSet
ADDED from src\main\AndroidManifest.xml:88:9-91:47
	android:label
		ADDED from src\main\AndroidManifest.xml:90:13-61
	android:theme
		ADDED from src\main\AndroidManifest.xml:91:13-44
	android:name
		ADDED from src\main\AndroidManifest.xml:89:13-54
activity#com.swc.onestop.Internet_settings.DCSet
ADDED from src\main\AndroidManifest.xml:92:9-95:47
	android:label
		ADDED from src\main\AndroidManifest.xml:94:13-61
	android:theme
		ADDED from src\main\AndroidManifest.xml:95:13-44
	android:name
		ADDED from src\main\AndroidManifest.xml:93:13-52
activity#com.swc.onestop.Internet_settings.IPSettings
ADDED from src\main\AndroidManifest.xml:96:9-99:47
	android:label
		ADDED from src\main\AndroidManifest.xml:98:13-61
	android:theme
		ADDED from src\main\AndroidManifest.xml:99:13-44
	android:name
		ADDED from src\main\AndroidManifest.xml:97:13-57
activity#com.swc.onestop.Internet_settings.LanSet
ADDED from src\main\AndroidManifest.xml:100:9-103:47
	android:label
		ADDED from src\main\AndroidManifest.xml:102:13-61
	android:theme
		ADDED from src\main\AndroidManifest.xml:103:13-44
	android:name
		ADDED from src\main\AndroidManifest.xml:101:13-53
activity#com.swc.onestop.Internet_settings.SkypeSet
ADDED from src\main\AndroidManifest.xml:104:9-107:47
	android:label
		ADDED from src\main\AndroidManifest.xml:106:13-61
	android:theme
		ADDED from src\main\AndroidManifest.xml:107:13-44
	android:name
		ADDED from src\main\AndroidManifest.xml:105:13-55
activity#com.swc.onestop.Activities.Complaints.ComplaintActivity
ADDED from src\main\AndroidManifest.xml:108:9-77
	android:name
		ADDED from src\main\AndroidManifest.xml:108:19-74
activity#com.swc.onestop.Activities.Complaints.AddComplaint
ADDED from src\main\AndroidManifest.xml:109:9-72
	android:name
		ADDED from src\main\AndroidManifest.xml:109:19-69
activity#com.swc.onestop.Activities.Complaints.SingleComplaintActivity
ADDED from src\main\AndroidManifest.xml:110:9-83
	android:name
		ADDED from src\main\AndroidManifest.xml:110:19-80
activity#com.swc.onestop.Activities.AboutUs
ADDED from src\main\AndroidManifest.xml:111:9-114:56
	android:label
		ADDED from src\main\AndroidManifest.xml:113:13-60
	android:theme
		ADDED from src\main\AndroidManifest.xml:114:13-44
	android:name
		ADDED from src\main\AndroidManifest.xml:112:13-47
uses-sdk
INJECTED from src\main\AndroidManifest.xml reason: use-sdk injection requested
INJECTED from src\main\AndroidManifest.xml
INJECTED from src\main\AndroidManifest.xml
MERGED from [com.joanzapata.pdfview:android-pdfview:1.0.4] AndroidManifest.xml:23:2-69
MERGED from [com.joanzapata.pdfview:android-pdfview:1.0.4] AndroidManifest.xml:23:2-69
MERGED from [com.davemorrissey.labs:subsampling-scale-image-view:3.10.0] AndroidManifest.xml:7:5-9:41
MERGED from [com.davemorrissey.labs:subsampling-scale-image-view:3.10.0] AndroidManifest.xml:7:5-9:41
MERGED from [com.github.devlight.navigationtabstrip:navigationtabstrip:1.0.4] AndroidManifest.xml:19:5-21:41
MERGED from [com.github.devlight.navigationtabstrip:navigationtabstrip:1.0.4] AndroidManifest.xml:19:5-21:41
MERGED from [com.ramotion.garlandview:garland-view:0.3.2] AndroidManifest.xml:7:5-9:41
MERGED from [com.ramotion.garlandview:garland-view:0.3.2] AndroidManifest.xml:7:5-9:41
MERGED from [com.roughike:bottom-bar:2.3.1] AndroidManifest.xml:8:5-10:41
MERGED from [com.roughike:bottom-bar:2.3.1] AndroidManifest.xml:8:5-10:41
MERGED from [com.github.mirrajabi:search-dialog:1.2.3] AndroidManifest.xml:7:5-9:41
MERGED from [com.github.mirrajabi:search-dialog:1.2.3] AndroidManifest.xml:7:5-9:41
MERGED from [com.android.support:preference-v7:27.1.1] AndroidManifest.xml:20:5-44
MERGED from [com.android.support:preference-v7:27.1.1] AndroidManifest.xml:20:5-44
MERGED from [com.android.support:design:28.0.0] AndroidManifest.xml:20:5-44
MERGED from [com.android.support:design:28.0.0] AndroidManifest.xml:20:5-44
MERGED from [com.android.support:recyclerview-v7:28.0.0] AndroidManifest.xml:20:5-44
MERGED from [com.android.support:recyclerview-v7:28.0.0] AndroidManifest.xml:20:5-44
MERGED from [com.android.support:cardview-v7:28.0.0] AndroidManifest.xml:20:5-44
MERGED from [com.android.support:cardview-v7:28.0.0] AndroidManifest.xml:20:5-44
MERGED from [com.squareup.picasso:picasso:2.71828] AndroidManifest.xml:5:5-44
MERGED from [com.squareup.picasso:picasso:2.71828] AndroidManifest.xml:5:5-44
MERGED from [com.google.maps.android:android-maps-utils:0.5] AndroidManifest.xml:5:5-43
MERGED from [com.google.maps.android:android-maps-utils:0.5] AndroidManifest.xml:5:5-43
MERGED from [com.github.arcadefire:nice-spinner:1.3.6] AndroidManifest.xml:5:5-7:41
MERGED from [com.github.arcadefire:nice-spinner:1.3.6] AndroidManifest.xml:5:5-7:41
MERGED from [com.google.firebase:firebase-core:16.0.6] AndroidManifest.xml:5:5-44
MERGED from [com.google.firebase:firebase-core:16.0.6] AndroidManifest.xml:5:5-44
MERGED from [com.diegodobelo.expandingview:expanding-view:0.9.4] AndroidManifest.xml:7:5-9:41
MERGED from [com.diegodobelo.expandingview:expanding-view:0.9.4] AndroidManifest.xml:7:5-9:41
MERGED from [com.quinny898.library.persistentsearch:library:1.1.0-SNAPSHOT] AndroidManifest.xml:7:5-9:41
MERGED from [com.quinny898.library.persistentsearch:library:1.1.0-SNAPSHOT] AndroidManifest.xml:7:5-9:41
MERGED from [com.google.android.gms:play-services-maps:16.0.0] AndroidManifest.xml:20:5-44
MERGED from [com.google.android.gms:play-services-maps:16.0.0] AndroidManifest.xml:20:5-44
MERGED from [com.google.android.gms:play-services-location:16.0.0] AndroidManifest.xml:5:5-44
MERGED from [com.google.android.gms:play-services-location:16.0.0] AndroidManifest.xml:5:5-44
MERGED from [com.google.firebase:firebase-firestore:17.1.5] AndroidManifest.xml:5:5-7:41
MERGED from [com.google.firebase:firebase-firestore:17.1.5] AndroidManifest.xml:5:5-7:41
MERGED from [com.google.android.gms:play-services-vision:17.0.2] AndroidManifest.xml:5:5-44
MERGED from [com.google.android.gms:play-services-vision:17.0.2] AndroidManifest.xml:5:5-44
MERGED from [com.google.firebase:firebase-measurement-connector-impl:17.0.4] AndroidManifest.xml:20:5-44
MERGED from [com.google.firebase:firebase-measurement-connector-impl:17.0.4] AndroidManifest.xml:20:5-44
MERGED from [com.google.firebase:firebase-analytics:16.0.6] AndroidManifest.xml:20:5-44
MERGED from [com.google.firebase:firebase-analytics:16.0.6] AndroidManifest.xml:20:5-44
MERGED from [com.google.firebase:firebase-auth-interop:16.0.1] AndroidManifest.xml:5:5-44
MERGED from [com.google.firebase:firebase-auth-interop:16.0.1] AndroidManifest.xml:5:5-44
MERGED from [com.google.android.gms:play-services-vision-common:17.0.2] AndroidManifest.xml:5:5-44
MERGED from [com.google.android.gms:play-services-vision-common:17.0.2] AndroidManifest.xml:5:5-44